nohup: ignoring input
[dotenv@17.2.3] injecting env (2) from .env -- tip: 🔐 prevent building .env in docker: https://dotenvx.com/prebuild
Server is running on http://localhost:3000
SQLite foreign keys enabled.
SQLite foreign keys enabled. (Wilayag DBS)
[AUTH MIDDLEWARE] GET /
[AUTH PASSED]
CustomError: Sorry, this page does not exist!
    at /home/alan/Documents/kantor/index.js:122:10
    at Layer.handleRequest (/home/alan/Documents/kantor/node_modules/router/lib/layer.js:152:17)
    at trimPrefix (/home/alan/Documents/kantor/node_modules/router/index.js:342:13)
    at /home/alan/Documents/kantor/node_modules/router/index.js:297:9
    at processParams (/home/alan/Documents/kantor/node_modules/router/index.js:582:12)
    at next (/home/alan/Documents/kantor/node_modules/router/index.js:291:5)
    at authentication (/home/alan/Documents/kantor/middlewares/auth.middleware.js:21:5)
    at Layer.handleRequest (/home/alan/Documents/kantor/node_modules/router/lib/layer.js:152:17)
    at trimPrefix (/home/alan/Documents/kantor/node_modules/router/index.js:342:13)
    at /home/alan/Documents/kantor/node_modules/router/index.js:297:9 {
  type: 'info',
  status: 401
}
[0mGET / [33m401[0m 17.206 ms - 893[0m
[AUTH MIDDLEWARE] GET /admin/dashboard
[AUTH PASSED]
[0mGET /admin/dashboard [32m200[0m 15.659 ms - 5881[0m
[0mGET /css/base.css [36m304[0m 5.300 ms - -[0m
[AUTH MIDDLEWARE] GET /alih_hak/list
[AUTH PASSED]
[0mGET /alih_hak/list [36m304[0m 10.211 ms - -[0m
[0mGET /css/base.css [36m304[0m 7.449 ms - -[0m
[0mGET /js/table_list_page.js [36m304[0m 4.767 ms - -[0m
[0mGET /js/table_list_page.js [36m304[0m 2.389 ms - -[0m
[AUTH MIDDLEWARE] GET /alih_hak/list
[AUTH PASSED]
[0mGET /alih_hak/list [36m304[0m 6.316 ms - -[0m
[0mGET /css/base.css [36m304[0m 5.921 ms - -[0m
[0mGET /js/table_list_page.js [36m304[0m 14.300 ms - -[0m
[0mGET /js/table_list_page.js [36m304[0m 2.874 ms - -[0m
[AUTH MIDDLEWARE] GET /admin/dashboard
[AUTH PASSED]
[0mGET /admin/dashboard [36m304[0m 7.105 ms - -[0m
[0mGET /css/base.css [36m304[0m 3.708 ms - -[0m
